This is pdfTeX, Version 3.1415926-2.5-1.40.14 (MiKTeX 2.9) (preloaded format=pdflatex 2015.6.30)  2 NOV 2015 15:00
entering extended mode
**presentation.tex
(C:\Users\Darin\Documents\sanctionsbackslide\Spectrum\presentation.tex
LaTeX2e <2011/06/27>
Babel <v3.8m> and hyphenation patterns for english, afrikaans, ancientgreek, ar
abic, armenian, assamese, basque, bengali, bokmal, bulgarian, catalan, coptic, 
croatian, czech, danish, dutch, esperanto, estonian, farsi, finnish, french, ga
lician, german, german-x-2013-05-26, greek, gujarati, hindi, hungarian, iceland
ic, indonesian, interlingua, irish, italian, kannada, kurmanji, latin, latvian,
 lithuanian, malayalam, marathi, mongolian, mongolianlmc, monogreek, ngerman, n
german-x-2013-05-26, nynorsk, oriya, panjabi, pinyin, polish, portuguese, roman
ian, russian, sanskrit, serbian, slovak, slovenian, spanish, swedish, swissgerm
an, tamil, telugu, turkish, turkmen, ukenglish, ukrainian, uppersorbian, usengl
ishmax, welsh, loaded.
("C:\Program Files (x86)\MiKTeX 2.9\tex\latex\base\article.cls"
Document Class: article 2007/10/19 v1.4h Standard LaTeX document class
("C:\Program Files (x86)\MiKTeX 2.9\tex\latex\base\size10.clo"
File: size10.clo 2007/10/19 v1.4h Standard LaTeX file (size option)
)
\c@part=\count79
\c@section=\count80
\c@subsection=\count81
\c@subsubsection=\count82
\c@paragraph=\count83
\c@subparagraph=\count84
\c@figure=\count85
\c@table=\count86
\abovecaptionskip=\skip41
\belowcaptionskip=\skip42
\bibindent=\dimen102
)
("C:\Program Files (x86)\MiKTeX 2.9\tex\latex\graphics\graphicx.sty"
Package: graphicx 1999/02/16 v1.0f Enhanced LaTeX Graphics (DPC,SPQR)

("C:\Program Files (x86)\MiKTeX 2.9\tex\latex\graphics\keyval.sty"
Package: keyval 1999/03/16 v1.13 key=value parser (DPC)
\KV@toks@=\toks14
)
("C:\Program Files (x86)\MiKTeX 2.9\tex\latex\graphics\graphics.sty"
Package: graphics 2009/02/05 v1.0o Standard LaTeX Graphics (DPC,SPQR)

("C:\Program Files (x86)\MiKTeX 2.9\tex\latex\graphics\trig.sty"
Package: trig 1999/03/16 v1.09 sin cos tan (DPC)
)
("C:\Program Files (x86)\MiKTeX 2.9\tex\latex\00miktex\graphics.cfg"
File: graphics.cfg 2007/01/18 v1.5 graphics configuration of teTeX/TeXLive
)
Package graphics Info: Driver file: pdftex.def on input line 91.

("C:\Program Files (x86)\MiKTeX 2.9\tex\latex\pdftex-def\pdftex.def"
File: pdftex.def 2011/05/27 v0.06d Graphics/color for pdfTeX

("C:\Program Files (x86)\MiKTeX 2.9\tex\generic\oberdiek\infwarerr.sty"
Package: infwarerr 2010/04/08 v1.3 Providing info/warning/error messages (HO)
)
("C:\Program Files (x86)\MiKTeX 2.9\tex\generic\oberdiek\ltxcmds.sty"
Package: ltxcmds 2011/11/09 v1.22 LaTeX kernel commands for general use (HO)
)
\Gread@gobject=\count87
))
\Gin@req@height=\dimen103
\Gin@req@width=\dimen104
)
("C:\Program Files (x86)\MiKTeX 2.9\tex\latex\graphics\color.sty"
Package: color 2005/11/14 v1.0j Standard LaTeX Color (DPC)

("C:\Program Files (x86)\MiKTeX 2.9\tex\latex\00miktex\color.cfg"
File: color.cfg 2007/01/18 v1.5 color configuration of teTeX/TeXLive
)
Package color Info: Driver file: pdftex.def on input line 130.
)
(C:\Users\Darin\AppData\Roaming\MiKTeX\2.9\tex\latex\framed\framed.sty
Package: framed 2011/10/22 v 0.96: framed or shaded text with page breaks
\OuterFrameSep=\skip43
\fb@frw=\dimen105
\fb@frh=\dimen106
\FrameRule=\dimen107
\FrameSep=\dimen108
)
("C:\Program Files (x86)\MiKTeX 2.9\tex\latex\base\alltt.sty"
Package: alltt 1997/06/16 v2.0g defines alltt environment
)
(C:\Users\Darin\AppData\Roaming\MiKTeX\2.9\tex\latex\upquote\upquote.sty
Package: upquote 2012/04/19 v1.3 upright-quote and grave-accent glyphs in verba
tim
)
(C:\Users\Darin\Documents\sanctionsbackslide\Spectrum\presentation.aux

LaTeX Warning: Label `' multiply defined.

)
LaTeX Font Info:    Checking defaults for OML/cmm/m/it on input line 52.
LaTeX Font Info:    ... okay on input line 52.
LaTeX Font Info:    Checking defaults for T1/cmr/m/n on input line 52.
LaTeX Font Info:    ... okay on input line 52.
LaTeX Font Info:    Checking defaults for OT1/cmr/m/n on input line 52.
LaTeX Font Info:    ... okay on input line 52.
LaTeX Font Info:    Checking defaults for OMS/cmsy/m/n on input line 52.
LaTeX Font Info:    ... okay on input line 52.
LaTeX Font Info:    Checking defaults for OMX/cmex/m/n on input line 52.
LaTeX Font Info:    ... okay on input line 52.
LaTeX Font Info:    Checking defaults for U/cmr/m/n on input line 52.
LaTeX Font Info:    ... okay on input line 52.
 (C:\Users\Darin\AppData\Roaming\MiKTeX\2.9\tex\context\base\supp-pdf.mkii
[Loading MPS to PDF converter (version 2006.09.02).]
\scratchcounter=\count88
\scratchdimen=\dimen109
\scratchbox=\box26
\nofMPsegments=\count89
\nofMParguments=\count90
\everyMPshowfont=\toks15
\MPscratchCnt=\count91
\MPscratchDim=\dimen110
\MPnumerator=\count92
\makeMPintoPDFobject=\count93
\everyMPtoPDFconversion=\toks16
)
Package color Info: Redefining color shadecolor on input line 55.
LaTeX Font Info:    Font shape `OT1/cmtt/bx/n' in size <10> not available
(Font)              Font shape `OT1/cmtt/m/n' tried instead on input line 59.

Overfull \hbox (206.2452pt too wide) in paragraph at lines 72--72
[][]\OT1/cmtt/m/n/10 dsum[] []<-[] []as.data.frame[][]([][]select[][](df, polit
y2, sanctions, GDP_UN, pop1, menergy, mindustry, murban, dpolityb))[][] 
 []

LaTeX Font Info:    External font `cmex10' loaded for size
(Font)              <7> on input line 92.
LaTeX Font Info:    External font `cmex10' loaded for size
(Font)              <5> on input line 92.

Overfull \hbox (221.99506pt too wide) in paragraph at lines 109--109
[][]\OT1/cmtt/m/n/10 stargazer[][](dt,[] []summary[] []= F,[] []title[] []=[] [
]"Average Score of Democracy: Sanctioned vs Non-Sanctioned"[][],[] []rownames[]
 []= F)[][] 
 []

Package color Info: Redefining color shadecolor on input line 130.

Overfull \hbox (316.49423pt too wide) in paragraph at lines 134--134
[][]\OT1/cmtt/m/n/10 BalanceMatrix[] []<-[] []cbind[][](df[][]$[][]GDP_UN, df[]
[]$[][]pop1, df[][]$[][]menergy, df[][]$[][]mindustry, df[][]$[][]murban,[] []I
[][](df[][]$[][]GDP_UN[][]*[][]df[][]$[][]pop1),[] []I[][](df[][]$[][]GDP_UN[][
]*[][]df[][]$[][]menergy),[][] 
 []


Overfull \hbox (426.74327pt too wide) in paragraph at lines 135--135
[]                        []\OT1/cmtt/m/n/10 I[][](df[][]$[][]GDP_UN[][]*[][]df
[][]$[][]mindustry),[] []I[][](df[][]$[][]GDP_UN[][]*[][]df[][]$[][]murban),[] 
[]I[][](df[][]$[][]pop1[][]*[][]df[][]$[][]murban),[] []I[][](df[][]$[][]murban
[][]*[][]df[][]$[][]mindustry),[][]I[][](df[][]$[][]pop1[][]*[][]df[][]$[][]min
dustry))[][] 
 []


Overfull \hbox (116.99597pt too wide) in paragraph at lines 137--137
[][]\OT1/cmtt/m/n/10 gen1[] []<-[] []GenMatch[][]([][]Tr[] []= df[][]$[][]sanct
ions,[] []X[] []= X,[] []BalanceMatrix[] []= BalanceMatrix,[] []pop.size[] []=[
] []10[][])[][] 
 []


Overfull \hbox (116.99597pt too wide) in paragraph at lines 383--383
[]\OT1/cmtt/m/n/10 ## Not Using the BFGS Derivative Based Optimizer on the Best
 Individual Each Generation.[] 
 []


Overfull \hbox (1513.4838pt too wide) in paragraph at lines 383--383
[]\OT1/cmtt/m/n/10 ## Lexical Fit..... 4.714527e-04  2.299518e-03  3.147996e-03
  3.582045e-03  9.971920e-03  1.876782e-02  1.997751e-02  2.055215e-02  3.91006
7e-02  6.032230e-02  9.801513e-02  9.832089e-02  1.506106e-01  1.761100e-01  2.
516666e-01  2.593899e-01  2.956880e-01  3.043066e-01  3.568916e-01  3.904017e-0
1  5.723546e-01  6.247935e-01  6.247935e-01  7.901177e-01[] 
 []


Overfull \hbox (1513.4838pt too wide) in paragraph at lines 383--383
[]\OT1/cmtt/m/n/10 ## Lexical Fit..... 9.678060e-04  2.168151e-03  5.089865e-03
  7.056201e-03  7.117076e-03  8.460487e-03  9.483788e-03  9.971920e-03  2.53625
0e-02  2.536250e-02  4.949872e-02  5.153005e-02  5.893353e-02  7.513065e-02  1.
019353e-01  1.250876e-01  1.533092e-01  1.560254e-01  1.985480e-01  3.270113e-0
1  3.436753e-01  5.416970e-01  9.773120e-01  9.971154e-01[] 
 []


Overfull \hbox (1513.4838pt too wide) in paragraph at lines 383--383
[]\OT1/cmtt/m/n/10 ## Lexical Fit..... 1.424364e-03  2.854093e-03  6.044482e-03
  7.268840e-03  9.971920e-03  1.374916e-02  2.162649e-02  2.184479e-02  2.30565
0e-02  2.937286e-02  5.153005e-02  5.893353e-02  6.564731e-02  7.538896e-02  9.
330430e-02  1.394735e-01  1.405550e-01  1.555043e-01  3.089098e-01  3.151396e-0
1  4.867242e-01  5.016090e-01  9.773120e-01  9.971154e-01[] 
 []


Overfull \hbox (1513.4838pt too wide) in paragraph at lines 383--383
[]\OT1/cmtt/m/n/10 ## Lexical Fit..... 1.424364e-03  2.854093e-03  6.044482e-03
  7.268840e-03  9.971920e-03  1.374916e-02  2.162649e-02  2.184479e-02  2.30565
0e-02  2.937286e-02  5.153005e-02  5.893353e-02  6.564731e-02  7.538896e-02  9.
330430e-02  1.394735e-01  1.405550e-01  1.555043e-01  3.089098e-01  3.151396e-0
1  4.867242e-01  5.016090e-01  9.773120e-01  9.971154e-01[] 
 []


Overfull \hbox (1513.4838pt too wide) in paragraph at lines 383--383
[]\OT1/cmtt/m/n/10 ## Lexical Fit..... 1.424364e-03  2.854093e-03  6.044482e-03
  7.268840e-03  9.971920e-03  1.374916e-02  2.162649e-02  2.184479e-02  2.30565
0e-02  2.937286e-02  5.153005e-02  5.893353e-02  6.564731e-02  7.538896e-02  9.
330430e-02  1.394735e-01  1.405550e-01  1.555043e-01  3.089098e-01  3.151396e-0
1  4.867242e-01  5.016090e-01  9.773120e-01  9.971154e-01[] 
 []


Overfull \hbox (1513.4838pt too wide) in paragraph at lines 383--383
[]\OT1/cmtt/m/n/10 ## Lexical Fit..... 1.424364e-03  2.854093e-03  6.044482e-03
  7.268840e-03  9.971920e-03  1.374916e-02  2.162649e-02  2.184479e-02  2.30565
0e-02  2.937286e-02  5.153005e-02  5.893353e-02  6.564731e-02  7.538896e-02  9.
330430e-02  1.394735e-01  1.405550e-01  1.555043e-01  3.089098e-01  3.151396e-0
1  4.867242e-01  5.016090e-01  9.773120e-01  9.971154e-01[] 
 []


Overfull \hbox (1513.4838pt too wide) in paragraph at lines 383--383
[]\OT1/cmtt/m/n/10 ## Lexical Fit..... 1.424364e-03  2.854093e-03  6.044482e-03
  7.268840e-03  9.971920e-03  1.374916e-02  2.162649e-02  2.184479e-02  2.30565
0e-02  2.937286e-02  5.153005e-02  5.893353e-02  6.564731e-02  7.538896e-02  9.
330430e-02  1.394735e-01  1.405550e-01  1.555043e-01  3.089098e-01  3.151396e-0
1  4.867242e-01  5.016090e-01  9.773120e-01  9.971154e-01[] 
 []


Overfull \hbox (1513.4838pt too wide) in paragraph at lines 383--383
[]\OT1/cmtt/m/n/10 ## Lexical Fit..... 1.424364e-03  2.854093e-03  6.044482e-03
  7.268840e-03  9.971920e-03  1.374916e-02  2.162649e-02  2.184479e-02  2.30565
0e-02  2.937286e-02  5.153005e-02  5.893353e-02  6.564731e-02  7.538896e-02  9.
330430e-02  1.394735e-01  1.405550e-01  1.555043e-01  3.089098e-01  3.151396e-0
1  4.867242e-01  5.016090e-01  9.773120e-01  9.971154e-01[] 
 []


Overfull \hbox (1424.23457pt too wide) in paragraph at lines 383--383
[]\OT1/cmtt/m/n/10 ## 1.424364e-03  2.854093e-03  6.044482e-03  7.268840e-03  9
.971920e-03  1.374916e-02  2.162649e-02  2.184479e-02  2.305650e-02  2.937286e-
02  5.153005e-02  5.893353e-02  6.564731e-02  7.538896e-02  9.330430e-02  1.394
735e-01  1.405550e-01  1.555043e-01  3.089098e-01  3.151396e-01  4.867242e-01  
5.016090e-01  9.773120e-01  9.971154e-01[] 
 []


Overfull \hbox (64.49643pt too wide) in paragraph at lines 385--385
[][]\OT1/cmtt/m/n/10 mgen1[] []<-[] []Match[][]([][]Y[] []= df[][]$[][]polity2,
[] []Tr[] []= df[][]$[][]sanctions,[] []X[] []= X,[] []Weight.matrix[] []= gen1
)[][] 
 []

[1

{C:/Users/Darin/AppData/Local/MiKTeX/2.9/pdftex/config/pdftex.map}] [2]
Underfull \vbox (badness 10000) detected at line 400
 []


Underfull \vbox (badness 10000) detected at line 400
 []

[3]
Underfull \vbox (badness 10000) detected at line 400
 []


Underfull \vbox (badness 10000) detected at line 400
 []

[4]
Underfull \vbox (badness 10000) detected at line 400
 []


Underfull \vbox (badness 10000) detected at line 400
 []

[5]
Underfull \vbox (badness 10000) detected at line 400
 []


Underfull \vbox (badness 10000) detected at line 400
 []

[6] [7]
Package color Info: Redefining color shadecolor on input line 404.

Overfull \hbox (22.4968pt too wide) in paragraph at lines 406--406
[][]\OT1/cmtt/m/n/10 qqplot[][](df[][]$[][]GDP_UN[mgen1[][]$[][]index.treated],
 df[][]$[][]GDP_UN[mgen1[][]$[][]index.control],[][] 
 []


Overfull \hbox (143.24574pt too wide) in paragraph at lines 407--407
[]                 []\OT1/cmtt/m/n/10 xlab[] []=[] []"Treated"[][],[] []ylab[] 
[]=[] []"Control"[][],[] []main[] []=[] []"QQ Plot of Distribution of GDP"[][])
[][] 
 []

<figure/unnamed-chunk-3-1.pdf, id=29, 505.89pt x 505.89pt>
File: figure/unnamed-chunk-3-1.pdf Graphic file (type pdf)

<use figure/unnamed-chunk-3-1.pdf>
Package pdftex.def Info: figure/unnamed-chunk-3-1.pdf used on input line 410.
(pdftex.def)             Requested size: 345.0pt x 345.00414pt.

Overfull \hbox (15.0pt too wide) in paragraph at lines 410--411
[][] 
 []


Overfull \hbox (1.49698pt too wide) in paragraph at lines 412--412
[][]\OT1/cmtt/m/n/10 qqplot[][](df[][]$[][]pop1[mgen1[][]$[][]index.treated], d
f[][]$[][]pop1[mgen1[][]$[][]index.control],[][] 
 []


Overfull \hbox (143.24574pt too wide) in paragraph at lines 413--413
[]                 []\OT1/cmtt/m/n/10 xlab[] []=[] []"Treated"[][],[] []ylab[] 
[]=[] []"Control"[][],[] []main[] []=[] []"QQ Plot of Distribution of GDP"[][])
[][] 
 []

<figure/unnamed-chunk-3-2.pdf, id=30, 505.89pt x 505.89pt>
File: figure/unnamed-chunk-3-2.pdf Graphic file (type pdf)

<use figure/unnamed-chunk-3-2.pdf>
Package pdftex.def Info: figure/unnamed-chunk-3-2.pdf used on input line 416.
(pdftex.def)             Requested size: 345.0pt x 345.00414pt.

Overfull \hbox (15.0pt too wide) in paragraph at lines 416--417
[][] 
 []

[8 <C:/Users/Darin/Documents/sanctionsbackslide/Spectrum/figure/unnamed-chunk-3
-1.pdf>]
Overfull \hbox (32.9967pt too wide) in paragraph at lines 418--418
[][]\OT1/cmtt/m/n/10 qqplot[][](df[][]$[][]menergy[mgen1[][]$[][]index.treated]
, df[][]$[][]menergy[mgen1[][]$[][]index.control],[][] 
 []


Overfull \hbox (143.24574pt too wide) in paragraph at lines 419--419
[]                 []\OT1/cmtt/m/n/10 xlab[] []=[] []"Treated"[][],[] []ylab[] 
[]=[] []"Control"[][],[] []main[] []=[] []"QQ Plot of Distribution of GDP"[][])
[][] 
 []

<figure/unnamed-chunk-3-3.pdf, id=40, 505.89pt x 505.89pt>
File: figure/unnamed-chunk-3-3.pdf Graphic file (type pdf)

<use figure/unnamed-chunk-3-3.pdf>
Package pdftex.def Info: figure/unnamed-chunk-3-3.pdf used on input line 422.
(pdftex.def)             Requested size: 345.0pt x 345.00414pt.

Overfull \hbox (15.0pt too wide) in paragraph at lines 422--423
[][] 
 []

[9 <C:/Users/Darin/Documents/sanctionsbackslide/Spectrum/figure/unnamed-chunk-3
-2.pdf>]
Overfull \hbox (53.99652pt too wide) in paragraph at lines 424--424
[][]\OT1/cmtt/m/n/10 qqplot[][](df[][]$[][]mindustry[mgen1[][]$[][]index.treate
d], df[][]$[][]mindustry[mgen1[][]$[][]index.control],[][] 
 []


Overfull \hbox (143.24574pt too wide) in paragraph at lines 425--425
[]                 []\OT1/cmtt/m/n/10 xlab[] []=[] []"Treated"[][],[] []ylab[] 
[]=[] []"Control"[][],[] []main[] []=[] []"QQ Plot of Distribution of GDP"[][])
[][] 
 []

<figure/unnamed-chunk-3-4.pdf, id=50, 505.89pt x 505.89pt>
File: figure/unnamed-chunk-3-4.pdf Graphic file (type pdf)

<use figure/unnamed-chunk-3-4.pdf>
Package pdftex.def Info: figure/unnamed-chunk-3-4.pdf used on input line 428.
(pdftex.def)             Requested size: 345.0pt x 345.00414pt.

Overfull \hbox (15.0pt too wide) in paragraph at lines 428--429
[][] 
 []

[10 <C:/Users/Darin/Documents/sanctionsbackslide/Spectrum/figure/unnamed-chunk-
3-3.pdf>]
Overfull \hbox (22.4968pt too wide) in paragraph at lines 430--430
[][]\OT1/cmtt/m/n/10 qqplot[][](df[][]$[][]murban[mgen1[][]$[][]index.treated],
 df[][]$[][]murban[mgen1[][]$[][]index.control],[][] 
 []


Overfull \hbox (143.24574pt too wide) in paragraph at lines 431--431
[]                 []\OT1/cmtt/m/n/10 xlab[] []=[] []"Treated"[][],[] []ylab[] 
[]=[] []"Control"[][],[] []main[] []=[] []"QQ Plot of Distribution of GDP"[][])
[][] 
 []

<figure/unnamed-chunk-3-5.pdf, id=60, 505.89pt x 505.89pt>
File: figure/unnamed-chunk-3-5.pdf Graphic file (type pdf)

<use figure/unnamed-chunk-3-5.pdf>
Package pdftex.def Info: figure/unnamed-chunk-3-5.pdf used on input line 434.
(pdftex.def)             Requested size: 345.0pt x 345.00414pt.

Overfull \hbox (15.0pt too wide) in paragraph at lines 434--435
[][] 
 []

[11 <C:/Users/Darin/Documents/sanctionsbackslide/Spectrum/figure/unnamed-chunk-
3-4.pdf>]
Package color Info: Redefining color shadecolor on input line 447.

Overfull \hbox (11.99689pt too wide) in paragraph at lines 468--468
[]  []\OT1/cmtt/m/n/10 ggtitle[][]([][]"Distribution of Probability of Change i
n Polity Score"[][])[] []+[][] 
 []

[12 <C:/Users/Darin/Documents/sanctionsbackslide/Spectrum/figure/unnamed-chunk-
3-5.pdf>] <figure/unnamed-chunk-4-1.pdf, id=79, 505.89pt x 505.89pt>
File: figure/unnamed-chunk-4-1.pdf Graphic file (type pdf)

<use figure/unnamed-chunk-4-1.pdf>
Package pdftex.def Info: figure/unnamed-chunk-4-1.pdf used on input line 472.
(pdftex.def)             Requested size: 345.0pt x 345.00414pt.

Overfull \hbox (15.0pt too wide) in paragraph at lines 472--473
[][] 
 []


Overfull \hbox (211.49515pt too wide) in paragraph at lines 490--490
[]  []\OT1/cmtt/m/n/10 mutate[][]([][]fit1.cluster[] []= plyr[][]::[][]mapvalue
s[][](fit1.cluster,[] []from[] []=[] []c[][]([][]3[][],[] []1[][],[] []4[][],[]
 []5[][],[] []2[][]),[] []to[] []=[] []c[][]([][]1[][],[] []2[][],[] []3[][],[]
 []4[][],[] []5[][])))[] []%>%[][] 
 []


Overfull \vbox (1.1041pt too high) detected at line 495
 []

[13 <C:/Users/Darin/Documents/sanctionsbackslide/Spectrum/figure/unnamed-chunk-
4-1.pdf>] [14]
(C:\Users\Darin\Documents\sanctionsbackslide\Spectrum\presentation.aux)

LaTeX Warning: There were multiply-defined labels.

 ) 
Here is how much of TeX's memory you used:
 1280 strings out of 493921
 18002 string characters out of 3144876
 115857 words of memory out of 3000000
 4601 multiletter control sequences out of 15000+200000
 3976 words of font info for 16 fonts, out of 3000000 for 9000
 841 hyphenation exceptions out of 8191
 27i,9n,27p,503b,244s stack positions out of 5000i,500n,10000p,200000b,50000s
<C:/Program Files (x86)/MiKTeX 2.9/fonts/type1/public/amsfonts/cm/cmitt10.pfb
><C:/Program Files (x86)/MiKTeX 2.9/fonts/type1/public/amsfonts/cm/cmmi10.pfb><
C:/Program Files (x86)/MiKTeX 2.9/fonts/type1/public/amsfonts/cm/cmr10.pfb><C:/
Program Files (x86)/MiKTeX 2.9/fonts/type1/public/amsfonts/cm/cmsy10.pfb><C:/Pr
ogram Files (x86)/MiKTeX 2.9/fonts/type1/public/amsfonts/cm/cmtt10.pfb>
Output written on presentation.pdf (14 pages, 285237 bytes).
PDF statistics:
 109 PDF objects out of 1000 (max. 8388607)
 0 named destinations out of 1000 (max. 500000)
 31 words of extra memory for PDF output out of 10000 (max. 10000000)

